file python/LSST/SConsUtils.py,line 165:
	Configure(confdir = .sconf_temp)
scons: Configure: Checking for C header file Python.h... 
scons: Configure: ".sconf_temp/conftest_0.c" is up to date.
scons: Configure: The original builder output was:
  |.sconf_temp/conftest_0.c <-
  |  |
  |  |#include "Python.h"
  |  |
  |  |
  |
scons: Configure: ".sconf_temp/conftest_0.o" is up to date.
scons: Configure: The original builder output was:
  |gcc -o .sconf_temp/conftest_0.o -c -g -O0 -I/sw/include/python2.4 -I/sw/include .sconf_temp/conftest_0.c
  |
scons: Configure: (cached) yes


file python/LSST/SConsUtils.py,line 165:
	Configure(confdir = .sconf_temp)
scons: Configure: Checking for C header file numarray/numarray.h... 
scons: Configure: ".sconf_temp/conftest_1.c" is up to date.
scons: Configure: The original builder output was:
  |.sconf_temp/conftest_1.c <-
  |  |#include "Python.h"
  |  |
  |  |#include "numarray/numarray.h"
  |  |
  |  |
  |
scons: Configure: ".sconf_temp/conftest_1.o" is up to date.
scons: Configure: The original builder output was:
  |gcc -o .sconf_temp/conftest_1.o -c -g -O0 -I/sw/include/python2.4 -I/sw/include -I/sw/include .sconf_temp/conftest_1.c
  |
scons: Configure: (cached) yes


file python/LSST/SConsUtils.py,line 165:
	Configure(confdir = .sconf_temp)
scons: Configure: Checking for C header file wcslib/wcslib.h... 
scons: Configure: ".sconf_temp/conftest_2.c" is up to date.
scons: Configure: The original builder output was:
  |.sconf_temp/conftest_2.c <-
  |  |
  |  |#include "wcslib/wcslib.h"
  |  |
  |  |
  |
scons: Configure: ".sconf_temp/conftest_2.o" is up to date.
scons: Configure: The original builder output was:
  |gcc -o .sconf_temp/conftest_2.o -c -g -O0 -I/sw/include/python2.4 -I/sw/include -I/sw/include -I/u/lsst/products/Darwin/wcslib/scons/include .sconf_temp/conftest_2.c
  |
scons: Configure: (cached) yes


file python/LSST/SConsUtils.py,line 174:
	Configure(confdir = .sconf_temp)
scons: Configure: Checking for wcsini() in C library wcs... 
scons: Configure: ".sconf_temp/conftest_3.c" is up to date.
scons: Configure: The original builder output was:
  |.sconf_temp/conftest_3.c <-
  |  |
  |  |
  |  |
  |  |#ifdef __cplusplus
  |  |extern "C"
  |  |#endif
  |  |char wcsini();
  |  |
  |  |int
  |  |main() {
  |  |  wcsini();
  |  |return 0;
  |  |}
  |  |
  |
scons: Configure: ".sconf_temp/conftest_3.o" is up to date.
scons: Configure: The original builder output was:
  |gcc -o .sconf_temp/conftest_3.o -c -g -O0 -I/sw/include/python2.4 -I/sw/include -I/sw/include -I/u/lsst/products/Darwin/wcslib/scons/include .sconf_temp/conftest_3.c
  |
scons: Configure: ".sconf_temp/conftest_3" is up to date.
scons: Configure: The original builder output was:
  |gcc -o .sconf_temp/conftest_3 .sconf_temp/conftest_3.o -L/sw/lib/python2.4/site-packages -L/u/lsst/products/Darwin/wcslib/scons/lib -lwcs
  |
scons: Configure: (cached) yes


